<?xml version="1.0" encoding="UTF-8"?>
<!-- Generated by org.testng.reporters.JUnitXMLReporter -->
<testsuite ignored="3" hostname="DESKTOP-B2QSJ40" failures="0" tests="1" name="Default test" time="3.189" errors="0" timestamp="2022-12-20T19:55:34 EET">
  <testcase classname="com.in28minutes.webdriver.basics.form.FormElementSelectTest" name="readValueOfSelectBox" time="1.271"/>
  <testcase classname="com.in28minutes.webdriver.basics.form.FormElementSelectTest" name="setValueIntoMultipleSelectBox" time="0.0">
    <ignored/>
  </testcase> <!-- setValueIntoMultipleSelectBox -->
  <testcase classname="com.in28minutes.webdriver.basics.form.FormElementSelectTest" name="setValueIntoSelectBox" time="0.0">
    <ignored/>
  </testcase> <!-- setValueIntoSelectBox -->
  <testcase classname="com.in28minutes.webdriver.basics.form.FormElementSelectTest" name="readValueOfMultileSelectBox" time="0.0">
    <ignored/>
  </testcase> <!-- readValueOfMultileSelectBox -->
</testsuite> <!-- Default test -->
