<?xml version="1.0" encoding="UTF-8"?>
<testng-results ignored="3" total="4" passed="1" failed="0" skipped="0">
  <reporter-output>
  </reporter-output>
  <suite started-at="2022-12-20T19:55:31 EET" name="Default suite" finished-at="2022-12-20T19:55:34 EET" duration-ms="3189">
    <groups>
    </groups>
    <test started-at="2022-12-20T19:55:31 EET" name="Default test" finished-at="2022-12-20T19:55:34 EET" duration-ms="3189">
      <class name="com.in28minutes.webdriver.basics.form.FormElementSelectTest">
        <test-method is-config="true" signature="beforeTest()[pri:0, instance:com.in28minutes.webdriver.basics.form.FormElementSelectTest@5403f35f]" started-at="2022-12-20T19:55:31 EET" name="beforeTest" finished-at="2022-12-20T19:55:33 EET" duration-ms="1713" status="PASS">
          <reporter-output>
          </reporter-output>
        </test-method> <!-- beforeTest -->
        <test-method signature="readValueOfSelectBox()[pri:0, instance:com.in28minutes.webdriver.basics.form.FormElementSelectTest@5403f35f]" started-at="2022-12-20T19:55:33 EET" name="readValueOfSelectBox" finished-at="2022-12-20T19:55:34 EET" duration-ms="1271" status="PASS">
          <reporter-output>
          </reporter-output>
        </test-method> <!-- readValueOfSelectBox -->
        <test-method is-config="true" signature="afterTest()[pri:0, instance:com.in28minutes.webdriver.basics.form.FormElementSelectTest@5403f35f]" started-at="2022-12-20T19:55:34 EET" name="afterTest" finished-at="2022-12-20T19:55:34 EET" duration-ms="164" status="PASS">
          <reporter-output>
          </reporter-output>
        </test-method> <!-- afterTest -->
      </class> <!-- com.in28minutes.webdriver.basics.form.FormElementSelectTest -->
    </test> <!-- Default test -->
  </suite> <!-- Default suite -->
</testng-results>
